Arguments: 
  C:\Program Files\nodejs\node.exe C:\Program Files (x86)\Yarn\bin\yarn.js

PATH: 
  C:\Python39\Scripts\;C:\Python39\;C:\Windows\system32;C:\Windows;C:\Windows\System32\Wbem;C:\Windows\System32\WindowsPowerShell\v1.0\;C:\Windows\System32\OpenSSH\;C:\Program Files\nodejs\;C:\ProgramData\chocolatey\bin;C:\Program Files\Git\cmd;C:\Go\bin;C:\Program Files (x86)\Yarn\bin\;C:\Users\sooro\AppData\Local\Microsoft\WindowsApps;C:\Users\sooro\AppData\Local\Programs\Microsoft VS Code\bin;C:\Users\sooro\AppData\Roaming\npm;C:\Program Files\nodejs;C:\Program Files\Git;C:\Users\sooro\go\bin;C:\Program Files\heroku\bin;C:\Users\sooro\AppData\Local\Yarn\bin;C:\Users\sooro\AppData\Roaming\npm\node_modules\run-rs\4.0.0\;

Yarn version: 
  1.22.5

Node version: 
  12.19.0

Platform: 
  win32 x64

Trace: 
  SyntaxError: C:\Users\sooro\OneDrive\Skrivbord\Codes\Todo-List-Socket\Server\package.json: Unexpected end of JSON input
      at JSON.parse (<anonymous>)
      at C:\Program Files (x86)\Yarn\lib\cli.js:1625:59
      at Generator.next (<anonymous>)
      at step (C:\Program Files (x86)\Yarn\lib\cli.js:310:30)
      at C:\Program Files (x86)\Yarn\lib\cli.js:321:13

npm manifest: 
  {
    "name": "server",
    "version": "1.0.0",
    "main": "index.js",
    "license": "MIT",
    "scripts": {
      "prebuild": "rimraf dist",
      "build": "nest build",
      "format": "prettier --write \"src/**/*.ts\" \"test/**/*.ts\"",
      "start": "nest start",
      "start:dev": "nest start --watch",
      "start:debug": "nest start --debug --watch",
      "start:prod": "node dist/main",
      "lint": "eslint \"{src,apps,libs,test}/**/*.ts\" --fix",
      "test": "jest --runInBand",
      "test:watch": "jest --watch",
      
     
      "test:e2e": "jest --config ./jest.e2e-config.js"
    },
    "dependencies": {
      "@nestjs/common": "^7.0.0",
      "@nestjs/core": "^7.0.0",
      "@nestjs/jwt": "^7.0.0",
      "@nestjs/passport": "^7.0.0",
      "@nestjs/platform-express": "^7.0.0",
      "@nestjs/serve-static": "^2.1.1",
      "assign-deep": "^1.0.1",
      "class-transformer": "^0.3.1",
      "class-validator": "^0.12.2",
      "date-fns": "^2.16.1",
      "dotenv": "^8.2.0",
      "lodash": "^4.17.15",
      "mongoose": "^5.9.16",
      "mongoose-delete": "^0.5.3",
      "mongoose-sequence": "^5.3.0",
      "passport": "^0.4.1",
      "passport-jwt": "^4.0.0",
      "passport-local": "^1.0.0",
      "reflect-metadata": "^0.1.13",
      "rimraf": "^3.0.2",
      "rxjs": "^6.5.4",
      "validator": "^13.5.1",
      "winston": "^3.3.3"
    },
    "devDependencies": {
      "@nestjs/cli": "^7.0.0",
      "@nestjs/schematics": "^7.0.0",
      "@nestjs/testing": "^7.0.0",
      "@shelf/jest-mongodb": "^1.2.3",
      "@types/express": "^4.17.3",
      "@types/jest": "25.1.4",
      "@types/mongoose": "^5.7.21",
      "@types/node": "^13.9.1",
      "@types/passport-jwt": "^3.0.3",
      "@types/passport-local": "^1.0.33",
      "@types/supertest": "^2.0.8",
      "@typescript-eslint/eslint-plugin": "^2.23.0",
      "@typescript-eslint/parser": "^2.23.0",
      "axios-mock-adapter": "^1.18.2",
      "eslint": "^6.8.0",
      "eslint-config-prettier": "^6.10.0",
      "eslint-plugin-import": "^2.20.1",
      "jest": "^25.1.0",
      "prettier": "^1.19.1",
      "supertest": "^4.0.2",
      "ts-jest": "25.2.1",
      "ts-loader": "^6.2.1",
      "ts-node": "^8.6.2",
      "tsconfig-paths": "^3.9.0",
      "typescript": "^4.1.3"  
    },
    "config": {
      "mongodbMemoryServer": {
        "version": "latest"
      }
  }

yarn manifest: 
  No manifest

Lockfile: 
  # THIS IS AN AUTOGENERATED FILE. DO NOT EDIT THIS FILE DIRECTLY.
  # yarn lockfile v1
  
  
  typescript@^4.1.3:
    version "4.1.3"
    resolved "https://registry.yarnpkg.com/typescript/-/typescript-4.1.3.tgz#519d582bd94cba0cf8934c7d8e8467e473f53bb7"
    integrity sha512-B3ZIOf1IKeH2ixgHhj6la6xdwR9QrLC5d1VKeCSY4tvkqhF2eqd9O7txNlS0PO3GrBAFIdr3L1ndNwteUbZLYg==
